# JRE version: OpenJDK Runtime Environment Temurin-17.0.15+6 (17.0.15+6) (build 17.0.15+6)
# Java VM: OpenJDK 64-Bit Server VM Temurin-17.0.15+6 (17.0.15+6, mixed mode, sharing, tiered, compressed oops, compressed class ptrs, g1 gc, windows-amd64)
GC Precious Log:
 CPUs: 16 total, 16 available
 Memory: 15987M
 Large Page Support: Disabled
 NUMA Support: Disabled
 Compressed Oops: Enabled (32-bit)
 Heap Region Size: 1M
 Heap Min Capacity: 8M
 Heap Initial Capacity: 250M
 Heap Max Capacity: 2G
 Pre-touch: Disabled
 Parallel Workers: 13
 Concurrent Workers: 3
 Concurrent Refinement Workers: 13
 Periodic GC: Disabled
Heap:
 garbage-first heap   total 193536K, used 149161K [0x0000000080000000, 0x0000000100000000)
  region size 1024K, 62 young (63488K), 2 survivors (2048K)
 Metaspace       used 55033K, committed 55744K, reserved 1114112K
  class space    used 7646K, committed 8000K, reserved 1048576K
GC Heap History (20 events):
Event: 8.233 GC heap before
{Heap before GC invocations=8 (full 0):
 garbage-first heap   total 92160K, used 70258K [0x0000000080000000, 0x0000000100000000)
  region size 1024K, 28 young (28672K), 4 survivors (4096K)
 Metaspace       used 34515K, committed 34944K, reserved 1114112K
  class space    used 4911K, committed 5120K, reserved 1048576K
}
Event: 8.237 GC heap after
{Heap after GC invocations=9 (full 0):
 garbage-first heap   total 92160K, used 49444K [0x0000000080000000, 0x0000000100000000)
  region size 1024K, 3 young (3072K), 3 survivors (3072K)
 Metaspace       used 34515K, committed 34944K, reserved 1114112K
  class space    used 4911K, committed 5120K, reserved 1048576K
}
Event: 8.238 GC heap before
{Heap before GC invocations=9 (full 0):
 garbage-first heap   total 92160K, used 49444K [0x0000000080000000, 0x0000000100000000)
  region size 1024K, 5 young (5120K), 3 survivors (3072K)
 Metaspace       used 34515K, committed 34944K, reserved 1114112K
  class space    used 4911K, committed 5120K, reserved 1048576K
}
Event: 8.241 GC heap after
{Heap after GC invocations=10 (full 0):
 garbage-first heap   total 110592K, used 49861K [0x0000000080000000, 0x0000000100000000)
  region size 1024K, 1 young (1024K), 1 survivors (1024K)
 Metaspace       used 34515K, committed 34944K, reserved 1114112K
  class space    used 4911K, committed 5120K, reserved 1048576K
}
Event: 9.235 GC heap before
{Heap before GC invocations=11 (full 0):
 garbage-first heap   total 110592K, used 90821K [0x0000000080000000, 0x0000000100000000)
  region size 1024K, 37 young (37888K), 1 survivors (1024K)
 Metaspace       used 39561K, committed 40064K, reserved 1114112K
  class space    used 5575K, committed 5824K, reserved 1048576K
}
Event: 9.238 GC heap after
{Heap after GC invocations=12 (full 0):
 garbage-first heap   total 110592K, used 51398K [0x0000000080000000, 0x0000000100000000)
  region size 1024K, 3 young (3072K), 3 survivors (3072K)
 Metaspace       used 39561K, committed 40064K, reserved 1114112K
  class space    used 5575K, committed 5824K, reserved 1048576K
}
Event: 9.354 GC heap before
{Heap before GC invocations=12 (full 0):
 garbage-first heap   total 110592K, used 54470K [0x0000000080000000, 0x0000000100000000)
  region size 1024K, 7 young (7168K), 3 survivors (3072K)
 Metaspace       used 39822K, committed 40320K, reserved 1114112K
  class space    used 5627K, committed 5888K, reserved 1048576K
}
Event: 9.357 GC heap after
{Heap after GC invocations=13 (full 0):
 garbage-first heap   total 110592K, used 51629K [0x0000000080000000, 0x0000000100000000)
  region size 1024K, 3 young (3072K), 3 survivors (3072K)
 Metaspace       used 39822K, committed 40320K, reserved 1114112K
  class space    used 5627K, committed 5888K, reserved 1048576K
}
Event: 9.943 GC heap before
{Heap before GC invocations=14 (full 0):
 garbage-first heap   total 110592K, used 99757K [0x0000000080000000, 0x0000000100000000)
  region size 1024K, 36 young (36864K), 3 survivors (3072K)
 Metaspace       used 42868K, committed 43392K, reserved 1114112K
  class space    used 5947K, committed 6208K, reserved 1048576K
}
Event: 9.950 GC heap after
{Heap after GC invocations=15 (full 0):
 garbage-first heap   total 111616K, used 71589K [0x0000000080000000, 0x0000000100000000)
  region size 1024K, 5 young (5120K), 5 survivors (5120K)
 Metaspace       used 42868K, committed 43392K, reserved 1114112K
  class space    used 5947K, committed 6208K, reserved 1048576K
}
Event: 9.972 GC heap before
{Heap before GC invocations=15 (full 0):
 garbage-first heap   total 111616K, used 72613K [0x0000000080000000, 0x0000000100000000)
  region size 1024K, 6 young (6144K), 5 survivors (5120K)
 Metaspace       used 43014K, committed 43520K, reserved 1114112K
  class space    used 5972K, committed 6208K, reserved 1048576K
}
Event: 9.978 GC heap after
{Heap after GC invocations=16 (full 0):
 garbage-first heap   total 111616K, used 70585K [0x0000000080000000, 0x0000000100000000)
  region size 1024K, 1 young (1024K), 1 survivors (1024K)
 Metaspace       used 43014K, committed 43520K, reserved 1114112K
  class space    used 5972K, committed 6208K, reserved 1048576K
}
Event: 10.385 GC heap before
{Heap before GC invocations=16 (full 0):
 garbage-first heap   total 111616K, used 92089K [0x0000000080000000, 0x0000000100000000)
  region size 1024K, 22 young (22528K), 1 survivors (1024K)
 Metaspace       used 44952K, committed 45504K, reserved 1114112K
  class space    used 6313K, committed 6592K, reserved 1048576K
}
Event: 10.389 GC heap after
{Heap after GC invocations=17 (full 0):
 garbage-first heap   total 193536K, used 71872K [0x0000000080000000, 0x0000000100000000)
  region size 1024K, 2 young (2048K), 2 survivors (2048K)
 Metaspace       used 44952K, committed 45504K, reserved 1114112K
  class space    used 6313K, committed 6592K, reserved 1048576K
}
Event: 12.006 GC heap before
{Heap before GC invocations=18 (full 0):
 garbage-first heap   total 193536K, used 150720K [0x0000000080000000, 0x0000000100000000)
  region size 1024K, 75 young (76800K), 2 survivors (2048K)
 Metaspace       used 47765K, committed 48320K, reserved 1114112K
  class space    used 6713K, committed 6976K, reserved 1048576K
}
Event: 12.017 GC heap after
{Heap after GC invocations=19 (full 0):
 garbage-first heap   total 193536K, used 85266K [0x0000000080000000, 0x0000000100000000)
  region size 1024K, 10 young (10240K), 10 survivors (10240K)
 Metaspace       used 47765K, committed 48320K, reserved 1114112K
  class space    used 6713K, committed 6976K, reserved 1048576K
}
Event: 12.047 GC heap before
{Heap before GC invocations=19 (full 0):
 garbage-first heap   total 193536K, used 86290K [0x0000000080000000, 0x0000000100000000)
  region size 1024K, 11 young (11264K), 10 survivors (10240K)
 Metaspace       used 47807K, committed 48384K, reserved 1114112K
  class space    used 6720K, committed 6976K, reserved 1048576K
}
Event: 12.053 GC heap after
{Heap after GC invocations=20 (full 0):
 garbage-first heap   total 193536K, used 86078K [0x0000000080000000, 0x0000000100000000)
  region size 1024K, 1 young (1024K), 1 survivors (1024K)
 Metaspace       used 47807K, committed 48384K, reserved 1114112K
  class space    used 6720K, committed 6976K, reserved 1048576K
}
Event: 12.379 GC heap before
{Heap before GC invocations=20 (full 0):
 garbage-first heap   total 193536K, used 104510K [0x0000000080000000, 0x0000000100000000)
  region size 1024K, 19 young (19456K), 1 survivors (1024K)
 Metaspace       used 49106K, committed 49664K, reserved 1114112K
  class space    used 6898K, committed 7168K, reserved 1048576K
}
Event: 12.382 GC heap after
{Heap after GC invocations=21 (full 0):
 garbage-first heap   total 193536K, used 87721K [0x0000000080000000, 0x0000000100000000)
  region size 1024K, 2 young (2048K), 2 survivors (2048K)
 Metaspace       used 49106K, committed 49664K, reserved 1114112K
  class space    used 6898K, committed 7168K, reserved 1048576K
}

