# JRE version: OpenJDK Runtime Environment Temurin-17.0.15+6 (17.0.15+6) (build 17.0.15+6)
# Java VM: OpenJDK 64-Bit Server VM Temurin-17.0.15+6 (17.0.15+6, mixed mode, sharing, tiered, compressed oops, compressed class ptrs, g1 gc, windows-amd64)
GC Precious Log:
 CPUs: 16 total, 16 available
 Memory: 15987M
 Large Page Support: Disabled
 NUMA Support: Disabled
 Compressed Oops: Enabled (32-bit)
 Heap Region Size: 1M
 Heap Min Capacity: 8M
 Heap Initial Capacity: 250M
 Heap Max Capacity: 2G
 Pre-touch: Disabled
 Parallel Workers: 13
 Concurrent Workers: 3
 Concurrent Refinement Workers: 13
 Periodic GC: Disabled
Heap:
 garbage-first heap   total 212992K, used 103546K [0x0000000080000000, 0x0000000100000000)
  region size 1024K, 6 young (6144K), 4 survivors (4096K)
 Metaspace       used 64169K, committed 64832K, reserved 1114112K
  class space    used 8831K, committed 9152K, reserved 1048576K
GC Heap History (20 events):
Event: 13.839 GC heap before
{Heap before GC invocations=24 (full 0):
 garbage-first heap   total 147456K, used 83106K [0x0000000080000000, 0x0000000100000000)
  region size 1024K, 8 young (8192K), 3 survivors (3072K)
 Metaspace       used 48016K, committed 48640K, reserved 1114112K
  class space    used 6688K, committed 6976K, reserved 1048576K
}
Event: 13.846 GC heap after
{Heap after GC invocations=25 (full 0):
 garbage-first heap   total 147456K, used 81874K [0x0000000080000000, 0x0000000100000000)
  region size 1024K, 5 young (5120K), 5 survivors (5120K)
 Metaspace       used 48016K, committed 48640K, reserved 1114112K
  class space    used 6688K, committed 6976K, reserved 1048576K
}
Event: 14.020 GC heap before
{Heap before GC invocations=26 (full 0):
 garbage-first heap   total 147456K, used 91090K [0x0000000080000000, 0x0000000100000000)
  region size 1024K, 13 young (13312K), 5 survivors (5120K)
 Metaspace       used 48199K, committed 48768K, reserved 1114112K
  class space    used 6725K, committed 6976K, reserved 1048576K
}
Event: 14.028 GC heap after
{Heap after GC invocations=27 (full 0):
 garbage-first heap   total 147456K, used 84660K [0x0000000080000000, 0x0000000100000000)
  region size 1024K, 2 young (2048K), 2 survivors (2048K)
 Metaspace       used 48199K, committed 48768K, reserved 1114112K
  class space    used 6725K, committed 6976K, reserved 1048576K
}
Event: 14.319 GC heap before
{Heap before GC invocations=28 (full 0):
 garbage-first heap   total 147456K, used 101044K [0x0000000080000000, 0x0000000100000000)
  region size 1024K, 19 young (19456K), 2 survivors (2048K)
 Metaspace       used 49409K, committed 49984K, reserved 1114112K
  class space    used 6885K, committed 7168K, reserved 1048576K
}
Event: 14.325 GC heap after
{Heap after GC invocations=29 (full 0):
 garbage-first heap   total 177152K, used 87105K [0x0000000080000000, 0x0000000100000000)
  region size 1024K, 4 young (4096K), 4 survivors (4096K)
 Metaspace       used 49409K, committed 49984K, reserved 1114112K
  class space    used 6885K, committed 7168K, reserved 1048576K
}
Event: 14.873 GC heap before
{Heap before GC invocations=30 (full 0):
 garbage-first heap   total 177152K, used 126017K [0x0000000080000000, 0x0000000100000000)
  region size 1024K, 41 young (41984K), 4 survivors (4096K)
 Metaspace       used 52960K, committed 53568K, reserved 1114112K
  class space    used 7294K, committed 7552K, reserved 1048576K
}
Event: 14.878 GC heap after
{Heap after GC invocations=31 (full 0):
 garbage-first heap   total 177152K, used 88889K [0x0000000080000000, 0x0000000100000000)
  region size 1024K, 3 young (3072K), 3 survivors (3072K)
 Metaspace       used 52960K, committed 53568K, reserved 1114112K
  class space    used 7294K, committed 7552K, reserved 1048576K
}
Event: 15.705 GC heap before
{Heap before GC invocations=31 (full 0):
 garbage-first heap   total 177152K, used 126777K [0x0000000080000000, 0x0000000100000000)
  region size 1024K, 41 young (41984K), 3 survivors (3072K)
 Metaspace       used 57583K, committed 58240K, reserved 1114112K
  class space    used 7920K, committed 8192K, reserved 1048576K
}
Event: 15.714 GC heap after
{Heap after GC invocations=32 (full 0):
 garbage-first heap   total 177152K, used 91388K [0x0000000080000000, 0x0000000100000000)
  region size 1024K, 5 young (5120K), 5 survivors (5120K)
 Metaspace       used 57583K, committed 58240K, reserved 1114112K
  class space    used 7920K, committed 8192K, reserved 1048576K
}
Event: 15.842 GC heap before
{Heap before GC invocations=33 (full 0):
 garbage-first heap   total 177152K, used 105724K [0x0000000080000000, 0x0000000100000000)
  region size 1024K, 16 young (16384K), 5 survivors (5120K)
 Metaspace       used 57593K, committed 58240K, reserved 1114112K
  class space    used 7921K, committed 8192K, reserved 1048576K
}
Event: 15.851 GC heap after
{Heap after GC invocations=34 (full 0):
 garbage-first heap   total 177152K, used 93576K [0x0000000080000000, 0x0000000100000000)
  region size 1024K, 5 young (5120K), 5 survivors (5120K)
 Metaspace       used 57593K, committed 58240K, reserved 1114112K
  class space    used 7921K, committed 8192K, reserved 1048576K
}
Event: 16.494 GC heap before
{Heap before GC invocations=35 (full 0):
 garbage-first heap   total 177152K, used 129416K [0x0000000080000000, 0x0000000100000000)
  region size 1024K, 39 young (39936K), 5 survivors (5120K)
 Metaspace       used 60177K, committed 60864K, reserved 1114112K
  class space    used 8275K, committed 8576K, reserved 1048576K
}
Event: 16.502 GC heap after
{Heap after GC invocations=36 (full 0):
 garbage-first heap   total 177152K, used 96345K [0x0000000080000000, 0x0000000100000000)
  region size 1024K, 2 young (2048K), 2 survivors (2048K)
 Metaspace       used 60177K, committed 60864K, reserved 1114112K
  class space    used 8275K, committed 8576K, reserved 1048576K
}
Event: 16.976 GC heap before
{Heap before GC invocations=36 (full 0):
 garbage-first heap   total 177152K, used 133209K [0x0000000080000000, 0x0000000100000000)
  region size 1024K, 38 young (38912K), 2 survivors (2048K)
 Metaspace       used 61715K, committed 62336K, reserved 1114112K
  class space    used 8493K, committed 8768K, reserved 1048576K
}
Event: 16.982 GC heap after
{Heap after GC invocations=37 (full 0):
 garbage-first heap   total 177152K, used 98267K [0x0000000080000000, 0x0000000100000000)
  region size 1024K, 4 young (4096K), 4 survivors (4096K)
 Metaspace       used 61715K, committed 62336K, reserved 1114112K
  class space    used 8493K, committed 8768K, reserved 1048576K
}
Event: 17.500 GC heap before
{Heap before GC invocations=38 (full 0):
 garbage-first heap   total 177152K, used 136155K [0x0000000080000000, 0x0000000100000000)
  region size 1024K, 41 young (41984K), 4 survivors (4096K)
 Metaspace       used 63122K, committed 63744K, reserved 1114112K
  class space    used 8681K, committed 8960K, reserved 1048576K
}
Event: 17.511 GC heap after
{Heap after GC invocations=39 (full 0):
 garbage-first heap   total 212992K, used 100699K [0x0000000080000000, 0x0000000100000000)
  region size 1024K, 5 young (5120K), 5 survivors (5120K)
 Metaspace       used 63122K, committed 63744K, reserved 1114112K
  class space    used 8681K, committed 8960K, reserved 1048576K
}
Event: 17.731 GC heap before
{Heap before GC invocations=39 (full 0):
 garbage-first heap   total 212992K, used 114011K [0x0000000080000000, 0x0000000100000000)
  region size 1024K, 19 young (19456K), 5 survivors (5120K)
 Metaspace       used 64084K, committed 64704K, reserved 1114112K
  class space    used 8819K, committed 9088K, reserved 1048576K
}
Event: 17.740 GC heap after
{Heap after GC invocations=40 (full 0):
 garbage-first heap   total 212992K, used 101498K [0x0000000080000000, 0x0000000100000000)
  region size 1024K, 4 young (4096K), 4 survivors (4096K)
 Metaspace       used 64084K, committed 64704K, reserved 1114112K
  class space    used 8819K, committed 9088K, reserved 1048576K
}

